{"/home/kimita/Documents/projects/microverse/webpack/src/todoCrud.js": {"path":"/home/kimita/Documents/projects/microverse/webpack/src/todoCrud.js","statementMap":{"0":{"start":{"line":1,"column":16},"end":{"line":6,"column":1}},"1":{"start":{"line":2,"column":15},"end":{"line":2,"column":67}},"2":{"start":{"line":3,"column":2},"end":{"line":3,"column":18}},"3":{"start":{"line":4,"column":2},"end":{"line":4,"column":15}},"4":{"start":{"line":5,"column":2},"end":{"line":5,"column":17}},"5":{"start":{"line":8,"column":19},"end":{"line":15,"column":1}},"6":{"start":{"line":9,"column":2},"end":{"line":9,"column":32}},"7":{"start":{"line":10,"column":2},"end":{"line":12,"column":5}},"8":{"start":{"line":11,"column":4},"end":{"line":11,"column":20}},"9":{"start":{"line":13,"column":2},"end":{"line":13,"column":15}},"10":{"start":{"line":14,"column":2},"end":{"line":14,"column":17}},"11":{"start":{"line":17,"column":22},"end":{"line":22,"column":1}},"12":{"start":{"line":18,"column":15},"end":{"line":18,"column":59}},"13":{"start":{"line":18,"column":41},"end":{"line":18,"column":55}},"14":{"start":{"line":19,"column":2},"end":{"line":19,"column":35}},"15":{"start":{"line":20,"column":2},"end":{"line":20,"column":15}},"16":{"start":{"line":21,"column":2},"end":{"line":21,"column":17}},"17":{"start":{"line":24,"column":24},"end":{"line":28,"column":1}},"18":{"start":{"line":25,"column":2},"end":{"line":25,"column":47}},"19":{"start":{"line":26,"column":2},"end":{"line":26,"column":15}},"20":{"start":{"line":27,"column":2},"end":{"line":27,"column":17}},"21":{"start":{"line":30,"column":23},"end":{"line":37,"column":1}},"22":{"start":{"line":31,"column":2},"end":{"line":31,"column":65}},"23":{"start":{"line":31,"column":42},"end":{"line":31,"column":63}},"24":{"start":{"line":32,"column":2},"end":{"line":34,"column":5}},"25":{"start":{"line":33,"column":4},"end":{"line":33,"column":23}},"26":{"start":{"line":35,"column":2},"end":{"line":35,"column":15}},"27":{"start":{"line":36,"column":2},"end":{"line":36,"column":17}}},"fnMap":{"0":{"name":"(anonymous_0)","decl":{"start":{"line":1,"column":16},"end":{"line":1,"column":17}},"loc":{"start":{"line":1,"column":46},"end":{"line":6,"column":1}},"line":1},"1":{"name":"(anonymous_1)","decl":{"start":{"line":8,"column":19},"end":{"line":8,"column":20}},"loc":{"start":{"line":8,"column":34},"end":{"line":15,"column":1}},"line":8},"2":{"name":"(anonymous_2)","decl":{"start":{"line":10,"column":22},"end":{"line":10,"column":23}},"loc":{"start":{"line":10,"column":32},"end":{"line":12,"column":3}},"line":10},"3":{"name":"(anonymous_3)","decl":{"start":{"line":17,"column":22},"end":{"line":17,"column":23}},"loc":{"start":{"line":17,"column":37},"end":{"line":22,"column":1}},"line":17},"4":{"name":"(anonymous_4)","decl":{"start":{"line":18,"column":34},"end":{"line":18,"column":35}},"loc":{"start":{"line":18,"column":41},"end":{"line":18,"column":55}},"line":18},"5":{"name":"(anonymous_5)","decl":{"start":{"line":24,"column":24},"end":{"line":24,"column":25}},"loc":{"start":{"line":24,"column":52},"end":{"line":28,"column":1}},"line":24},"6":{"name":"(anonymous_6)","decl":{"start":{"line":30,"column":23},"end":{"line":30,"column":24}},"loc":{"start":{"line":30,"column":34},"end":{"line":37,"column":1}},"line":30},"7":{"name":"(anonymous_7)","decl":{"start":{"line":31,"column":35},"end":{"line":31,"column":36}},"loc":{"start":{"line":31,"column":42},"end":{"line":31,"column":63}},"line":31},"8":{"name":"(anonymous_8)","decl":{"start":{"line":32,"column":22},"end":{"line":32,"column":23}},"loc":{"start":{"line":32,"column":35},"end":{"line":34,"column":3}},"line":32}},"branchMap":{},"s":{"0":1,"1":2,"2":2,"3":2,"4":2,"5":1,"6":0,"7":0,"8":0,"9":0,"10":0,"11":1,"12":0,"13":0,"14":0,"15":0,"16":0,"17":1,"18":0,"19":0,"20":0,"21":1,"22":0,"23":0,"24":0,"25":0,"26":0,"27":0},"f":{"0":2,"1":0,"2":0,"3":0,"4":0,"5":0,"6":0,"7":0,"8":0},"b":{},"_coverageSchema":"1a1c01bbd47fc00a2c39e90264f33305004495a9","hash":"583883d9be609ae6ae9a2ef0a24aa6e4c5e0fc8d"}
}
